<?xml version="1.0" encoding="UTF-8"?>
<robot generator="Robot 7.4.1 (Python 3.13.12 on win32)" generated="2026-02-20T17:17:30.011558" rpa="false" schemaversion="5">
<suite id="s1" name="CSV" source="C:\Users\hp\Wipro_Training\WiproRobotFramework\DataDriven\CSV.robot">
<test id="s1-t1" name="Login Test" line="11">
<kw name="Open Browser" owner="SeleniumLibrary" type="SETUP">
<msg time="2026-02-20T17:17:32.068814" level="INFO">Opening browser 'chrome' to base url 'https://opensource-demo.orangehrmlive.com/web/index.php/auth/login'.</msg>
<arg>https://opensource-demo.orangehrmlive.com/web/index.php/auth/login</arg>
<arg>chrome</arg>
<doc>Opens a new browser instance to the optional ``url``.</doc>
<status status="PASS" start="2026-02-20T17:17:32.066329" elapsed="27.298004"/>
</kw>
<kw name="Login Test">
<kw name="Maximize Browser Window" owner="SeleniumLibrary">
<doc>Maximizes current browser window.</doc>
<status status="PASS" start="2026-02-20T17:17:59.499327" elapsed="0.425991"/>
</kw>
<kw name="Wait Until Element Is Visible" owner="SeleniumLibrary">
<arg>xpath://input[@name='username']</arg>
<doc>Waits until the element ``locator`` is visible.</doc>
<status status="PASS" start="2026-02-20T17:17:59.925901" elapsed="2.700801"/>
</kw>
<kw name="Input Text" owner="SeleniumLibrary">
<msg time="2026-02-20T17:18:02.632681" level="INFO">Typing text 'Admin' into text field 'xpath://input[@name='username']'.</msg>
<arg>xpath://input[@name='username']</arg>
<arg>${username}</arg>
<doc>Types the given ``text`` into the text field identified by ``locator``.</doc>
<status status="PASS" start="2026-02-20T17:18:02.628805" elapsed="0.561595"/>
</kw>
<kw name="Input Text" owner="SeleniumLibrary">
<msg time="2026-02-20T17:18:03.191962" level="INFO">Typing text 'admin123' into text field 'xpath://input[@name='password']'.</msg>
<arg>xpath://input[@name='password']</arg>
<arg>${password}</arg>
<doc>Types the given ``text`` into the text field identified by ``locator``.</doc>
<status status="PASS" start="2026-02-20T17:18:03.191071" elapsed="0.311968"/>
</kw>
<kw name="Click Element" owner="SeleniumLibrary">
<msg time="2026-02-20T17:18:03.507853" level="INFO">Clicking element 'xpath://button[@type='submit']'.</msg>
<arg>xpath://button[@type='submit']</arg>
<doc>Click the element identified by ``locator``.</doc>
<status status="PASS" start="2026-02-20T17:18:03.503660" elapsed="0.294286"/>
</kw>
<kw name="Wait Until Element Is Visible" owner="SeleniumLibrary">
<arg>//h6[@class='oxd-text oxd-text--h6 oxd-topbar-header-breadcrumb-module']</arg>
<doc>Waits until the element ``locator`` is visible.</doc>
<status status="PASS" start="2026-02-20T17:18:03.799347" elapsed="4.447489"/>
</kw>
<kw name="Element Should Be Visible" owner="SeleniumLibrary">
<msg time="2026-02-20T17:18:09.151693" level="INFO">Element '//h6[@class='oxd-text oxd-text--h6 oxd-topbar-header-breadcrumb-module']' is displayed.</msg>
<arg>//h6[@class='oxd-text oxd-text--h6 oxd-topbar-header-breadcrumb-module']</arg>
<doc>Verifies that the element identified by ``locator`` is visible.</doc>
<status status="PASS" start="2026-02-20T17:18:08.249169" elapsed="0.903034"/>
</kw>
<kw name="Sleep" owner="BuiltIn">
<msg time="2026-02-20T17:18:19.377220" level="INFO">Slept 10 seconds.</msg>
<arg>10s</arg>
<doc>Pauses the test executed for the given time.</doc>
<status status="PASS" start="2026-02-20T17:18:09.165529" elapsed="10.212209"/>
</kw>
<kw name="Close Browser" owner="SeleniumLibrary">
<doc>Closes the current browser.</doc>
<status status="PASS" start="2026-02-20T17:18:19.379998" elapsed="4.684278"/>
</kw>
<arg>username=Admin</arg>
<arg>password=admin123</arg>
<status status="PASS" start="2026-02-20T17:17:59.477673" elapsed="24.588944"/>
</kw>
<kw name="Close Browser" owner="SeleniumLibrary" type="TEARDOWN">
<doc>Closes the current browser.</doc>
<status status="PASS" start="2026-02-20T17:18:24.077481" elapsed="0.004417"/>
</kw>
<status status="PASS" start="2026-02-20T17:17:32.052983" elapsed="52.045454"/>
</test>
<test id="s1-t2" name="Login Test" line="11">
<kw name="Open Browser" owner="SeleniumLibrary" type="SETUP">
<msg time="2026-02-20T17:18:24.161043" level="INFO">Opening browser 'chrome' to base url 'https://opensource-demo.orangehrmlive.com/web/index.php/auth/login'.</msg>
<arg>https://opensource-demo.orangehrmlive.com/web/index.php/auth/login</arg>
<arg>chrome</arg>
<doc>Opens a new browser instance to the optional ``url``.</doc>
<status status="PASS" start="2026-02-20T17:18:24.159172" elapsed="21.321995"/>
</kw>
<kw name="Login Test">
<kw name="Maximize Browser Window" owner="SeleniumLibrary">
<doc>Maximizes current browser window.</doc>
<status status="PASS" start="2026-02-20T17:18:45.490792" elapsed="0.457366"/>
</kw>
<kw name="Wait Until Element Is Visible" owner="SeleniumLibrary">
<arg>xpath://input[@name='username']</arg>
<doc>Waits until the element ``locator`` is visible.</doc>
<status status="PASS" start="2026-02-20T17:18:45.949720" elapsed="2.113518"/>
</kw>
<kw name="Input Text" owner="SeleniumLibrary">
<msg time="2026-02-20T17:18:48.064327" level="INFO">Typing text 'Admin' into text field 'xpath://input[@name='username']'.</msg>
<arg>xpath://input[@name='username']</arg>
<arg>${username}</arg>
<doc>Types the given ``text`` into the text field identified by ``locator``.</doc>
<status status="PASS" start="2026-02-20T17:18:48.063687" elapsed="0.765760"/>
</kw>
<kw name="Input Text" owner="SeleniumLibrary">
<msg time="2026-02-20T17:18:48.834947" level="INFO">Typing text 'admin123' into text field 'xpath://input[@name='password']'.</msg>
<arg>xpath://input[@name='password']</arg>
<arg>${password}</arg>
<doc>Types the given ``text`` into the text field identified by ``locator``.</doc>
<status status="PASS" start="2026-02-20T17:18:48.834108" elapsed="0.300382"/>
</kw>
<kw name="Click Element" owner="SeleniumLibrary">
<msg time="2026-02-20T17:18:49.135534" level="INFO">Clicking element 'xpath://button[@type='submit']'.</msg>
<arg>xpath://button[@type='submit']</arg>
<doc>Click the element identified by ``locator``.</doc>
<status status="PASS" start="2026-02-20T17:18:49.134943" elapsed="0.400706"/>
</kw>
<kw name="Wait Until Element Is Visible" owner="SeleniumLibrary">
<msg time="2026-02-20T17:18:55.782597" level="INFO" html="true">&lt;/td&gt;&lt;/tr&gt;&lt;tr&gt;&lt;td colspan="3"&gt;&lt;a href="selenium-screenshot-4.png"&gt;&lt;img src="selenium-screenshot-4.png" width="800px"&gt;&lt;/a&gt;</msg>
<msg time="2026-02-20T17:18:55.794566" level="FAIL">Element '//h6[@class='oxd-text oxd-text--h6 oxd-topbar-header-breadcrumb-module']' not visible after 5 seconds.</msg>
<arg>//h6[@class='oxd-text oxd-text--h6 oxd-topbar-header-breadcrumb-module']</arg>
<doc>Waits until the element ``locator`` is visible.</doc>
<status status="FAIL" start="2026-02-20T17:18:49.537233" elapsed="6.330184">Element '//h6[@class='oxd-text oxd-text--h6 oxd-topbar-header-breadcrumb-module']' not visible after 5 seconds.</status>
</kw>
<kw name="Element Should Be Visible" owner="SeleniumLibrary">
<arg>//h6[@class='oxd-text oxd-text--h6 oxd-topbar-header-breadcrumb-module']</arg>
<doc>Verifies that the element identified by ``locator`` is visible.</doc>
<status status="NOT RUN" start="2026-02-20T17:18:55.869012" elapsed="0.000083"/>
</kw>
<kw name="Sleep" owner="BuiltIn">
<arg>10s</arg>
<doc>Pauses the test executed for the given time.</doc>
<status status="NOT RUN" start="2026-02-20T17:18:55.869300" elapsed="0.000048"/>
</kw>
<kw name="Close Browser" owner="SeleniumLibrary">
<doc>Closes the current browser.</doc>
<status status="NOT RUN" start="2026-02-20T17:18:55.869492" elapsed="0.000041"/>
</kw>
<arg>username=Admin</arg>
<arg>password=admin123</arg>
<status status="FAIL" start="2026-02-20T17:18:45.489622" elapsed="10.381892">Element '//h6[@class='oxd-text oxd-text--h6 oxd-topbar-header-breadcrumb-module']' not visible after 5 seconds.</status>
</kw>
<kw name="Close Browser" owner="SeleniumLibrary" type="TEARDOWN">
<doc>Closes the current browser.</doc>
<status status="PASS" start="2026-02-20T17:18:55.881049" elapsed="2.784258"/>
</kw>
<status status="FAIL" start="2026-02-20T17:18:24.124588" elapsed="34.544064">Element '//h6[@class='oxd-text oxd-text--h6 oxd-topbar-header-breadcrumb-module']' not visible after 5 seconds.</status>
</test>
<test id="s1-t3" name="Login Test" line="11">
<kw name="Open Browser" owner="SeleniumLibrary" type="SETUP">
<msg time="2026-02-20T17:18:58.673880" level="INFO">Opening browser 'chrome' to base url 'https://opensource-demo.orangehrmlive.com/web/index.php/auth/login'.</msg>
<arg>https://opensource-demo.orangehrmlive.com/web/index.php/auth/login</arg>
<arg>chrome</arg>
<doc>Opens a new browser instance to the optional ``url``.</doc>
<status status="PASS" start="2026-02-20T17:18:58.673300" elapsed="16.567262"/>
</kw>
<kw name="Login Test">
<kw name="Maximize Browser Window" owner="SeleniumLibrary">
<doc>Maximizes current browser window.</doc>
<status status="PASS" start="2026-02-20T17:19:15.248841" elapsed="0.167635"/>
</kw>
<kw name="Wait Until Element Is Visible" owner="SeleniumLibrary">
<arg>xpath://input[@name='username']</arg>
<doc>Waits until the element ``locator`` is visible.</doc>
<status status="PASS" start="2026-02-20T17:19:15.416868" elapsed="4.364820"/>
</kw>
<kw name="Input Text" owner="SeleniumLibrary">
<msg time="2026-02-20T17:19:19.783143" level="INFO">Typing text 'Admin' into text field 'xpath://input[@name='username']'.</msg>
<arg>xpath://input[@name='username']</arg>
<arg>${username}</arg>
<doc>Types the given ``text`` into the text field identified by ``locator``.</doc>
<status status="PASS" start="2026-02-20T17:19:19.782264" elapsed="0.962553"/>
</kw>
<kw name="Input Text" owner="SeleniumLibrary">
<msg time="2026-02-20T17:19:20.746289" level="INFO">Typing text 'admin123' into text field 'xpath://input[@name='password']'.</msg>
<arg>xpath://input[@name='password']</arg>
<arg>${password}</arg>
<doc>Types the given ``text`` into the text field identified by ``locator``.</doc>
<status status="PASS" start="2026-02-20T17:19:20.745472" elapsed="0.287726"/>
</kw>
<kw name="Click Element" owner="SeleniumLibrary">
<msg time="2026-02-20T17:19:21.034839" level="INFO">Clicking element 'xpath://button[@type='submit']'.</msg>
<arg>xpath://button[@type='submit']</arg>
<doc>Click the element identified by ``locator``.</doc>
<status status="PASS" start="2026-02-20T17:19:21.033988" elapsed="0.234739"/>
</kw>
<kw name="Wait Until Element Is Visible" owner="SeleniumLibrary">
<msg time="2026-02-20T17:19:28.366808" level="INFO" html="true">&lt;/td&gt;&lt;/tr&gt;&lt;tr&gt;&lt;td colspan="3"&gt;&lt;a href="selenium-screenshot-5.png"&gt;&lt;img src="selenium-screenshot-5.png" width="800px"&gt;&lt;/a&gt;</msg>
<msg time="2026-02-20T17:19:28.367488" level="FAIL">Element '//h6[@class='oxd-text oxd-text--h6 oxd-topbar-header-breadcrumb-module']' not visible after 5 seconds.</msg>
<arg>//h6[@class='oxd-text oxd-text--h6 oxd-topbar-header-breadcrumb-module']</arg>
<doc>Waits until the element ``locator`` is visible.</doc>
<status status="FAIL" start="2026-02-20T17:19:21.269364" elapsed="7.108238">Element '//h6[@class='oxd-text oxd-text--h6 oxd-topbar-header-breadcrumb-module']' not visible after 5 seconds.</status>
</kw>
<kw name="Element Should Be Visible" owner="SeleniumLibrary">
<arg>//h6[@class='oxd-text oxd-text--h6 oxd-topbar-header-breadcrumb-module']</arg>
<doc>Verifies that the element identified by ``locator`` is visible.</doc>
<status status="NOT RUN" start="2026-02-20T17:19:28.377984" elapsed="0.000064"/>
</kw>
<kw name="Sleep" owner="BuiltIn">
<arg>10s</arg>
<doc>Pauses the test executed for the given time.</doc>
<status status="NOT RUN" start="2026-02-20T17:19:28.378201" elapsed="0.000044"/>
</kw>
<kw name="Close Browser" owner="SeleniumLibrary">
<doc>Closes the current browser.</doc>
<status status="NOT RUN" start="2026-02-20T17:19:28.378378" elapsed="0.000040"/>
</kw>
<arg>username=Admin</arg>
<arg>password=admin123</arg>
<status status="FAIL" start="2026-02-20T17:19:15.246613" elapsed="13.132002">Element '//h6[@class='oxd-text oxd-text--h6 oxd-topbar-header-breadcrumb-module']' not visible after 5 seconds.</status>
</kw>
<kw name="Close Browser" owner="SeleniumLibrary" type="TEARDOWN">
<doc>Closes the current browser.</doc>
<status status="PASS" start="2026-02-20T17:19:28.379454" elapsed="3.775267"/>
</kw>
<status status="FAIL" start="2026-02-20T17:18:58.669994" elapsed="33.485549">Element '//h6[@class='oxd-text oxd-text--h6 oxd-topbar-header-breadcrumb-module']' not visible after 5 seconds.</status>
</test>
<status status="FAIL" start="2026-02-20T17:17:30.025991" elapsed="122.142983"/>
</suite>
<statistics>
<total>
<stat pass="1" fail="2" skip="0">All Tests</stat>
</total>
<tag>
</tag>
<suite>
<stat name="CSV" id="s1" pass="1" fail="2" skip="0">CSV</stat>
</suite>
</statistics>
<errors>
<msg time="2026-02-20T17:18:24.130764" level="WARN">Multiple tests with name 'Login Test' executed in suite 'CSV'.</msg>
<msg time="2026-02-20T17:18:58.670089" level="WARN">Multiple tests with name 'Login Test' executed in suite 'CSV'.</msg>
</errors>
</robot>
